2026-02-14 16:52:27 [INFO]: OPTIONS /api/invoices?page=1&limit=10 - IP: ::1
2026-02-14 16:52:27 [INFO]: OPTIONS /api/customers?page=1&limit=10 - IP: ::1
2026-02-14 16:52:27 [INFO]: OPTIONS /api/reports/dashboard - IP: ::1
2026-02-14 16:52:27 [INFO]: OPTIONS /api/reports/sales - IP: ::1
2026-02-14 16:52:27 [INFO]: OPTIONS /api/reports/pnl - IP: ::1
2026-02-14 16:52:27 [INFO]: OPTIONS /api/customers?page=1&limit=10 - IP: ::1
2026-02-14 16:52:27 [INFO]: OPTIONS /api/reports/dashboard - IP: ::1
2026-02-14 16:52:27 [INFO]: OPTIONS /api/reports/sales - IP: ::1
2026-02-14 16:52:27 [INFO]: OPTIONS /api/invoices?page=1&limit=10 - IP: ::1
2026-02-14 16:52:27 [INFO]: OPTIONS /api/reports/low-stock - IP: ::1
2026-02-14 16:52:27 [INFO]: OPTIONS /api/reports/low-stock - IP: ::1
2026-02-14 16:52:27 [INFO]: GET /api/invoices?page=1&limit=10 - IP: ::1
2026-02-14 16:52:27 [INFO]: GET /api/customers?page=1&limit=10 - IP: ::1
2026-02-14 16:52:27 [INFO]: GET /api/reports/dashboard - IP: ::1
2026-02-14 16:52:27 [INFO]: OPTIONS /api/reports/pnl - IP: ::1
2026-02-14 16:52:27 [INFO]: GET /api/reports/pnl - IP: ::1
2026-02-14 16:52:27 [INFO]: GET /api/reports/sales - IP: ::1
2026-02-14 16:52:27 [INFO]: GET /api/reports/low-stock - IP: ::1
2026-02-14 16:52:27 [INFO]: GET /api/reports/sales - IP: ::1
2026-02-14 16:52:27 [INFO]: GET /api/reports/pnl - IP: ::1
2026-02-14 16:52:28 [INFO]: GET /api/customers?page=1&limit=10 - IP: ::1
2026-02-14 16:52:28 [INFO]: GET /api/reports/dashboard - IP: ::1
2026-02-14 16:52:28 [INFO]: GET /api/reports/low-stock - IP: ::1
2026-02-14 16:52:28 [INFO]: GET /api/invoices?page=1&limit=10 - IP: ::1
2026-02-14 16:52:33 [INFO]: OPTIONS /api/invoices?page=1&limit=10 - IP: ::1
2026-02-14 16:52:33 [INFO]: OPTIONS /api/customers?page=1&limit=10 - IP: ::1
2026-02-14 16:52:33 [INFO]: OPTIONS /api/reports/dashboard - IP: ::1
2026-02-14 16:52:33 [INFO]: OPTIONS /api/reports/sales - IP: ::1
2026-02-14 16:52:33 [INFO]: OPTIONS /api/reports/pnl - IP: ::1
2026-02-14 16:52:33 [INFO]: OPTIONS /api/reports/low-stock - IP: ::1
2026-02-14 16:52:33 [INFO]: OPTIONS /api/invoices?page=1&limit=10 - IP: ::1
2026-02-14 16:52:33 [INFO]: OPTIONS /api/customers?page=1&limit=10 - IP: ::1
2026-02-14 16:52:33 [INFO]: OPTIONS /api/reports/dashboard - IP: ::1
2026-02-14 16:52:33 [INFO]: OPTIONS /api/reports/sales - IP: ::1
2026-02-14 16:52:33 [INFO]: OPTIONS /api/reports/pnl - IP: ::1
2026-02-14 16:52:33 [INFO]: OPTIONS /api/reports/low-stock - IP: ::1
2026-02-14 16:52:33 [INFO]: GET /api/invoices?page=1&limit=10 - IP: ::1
2026-02-14 16:52:33 [INFO]: GET /api/customers?page=1&limit=10 - IP: ::1
2026-02-14 16:52:33 [INFO]: GET /api/reports/dashboard - IP: ::1
2026-02-14 16:52:33 [INFO]: GET /api/reports/sales - IP: ::1
2026-02-14 16:52:33 [INFO]: GET /api/reports/pnl - IP: ::1
2026-02-14 16:52:33 [INFO]: GET /api/reports/low-stock - IP: ::1
2026-02-14 16:52:33 [INFO]: GET /api/reports/low-stock - IP: ::1
2026-02-14 16:52:33 [INFO]: GET /api/reports/sales - IP: ::1
2026-02-14 16:52:33 [INFO]: GET /api/reports/pnl - IP: ::1
2026-02-14 16:52:33 [INFO]: GET /api/customers?page=1&limit=10 - IP: ::1
2026-02-14 16:52:33 [INFO]: GET /api/invoices?page=1&limit=10 - IP: ::1
2026-02-14 16:52:34 [INFO]: GET /api/reports/dashboard - IP: ::1
2026-02-14 16:52:58 [INFO]: OPTIONS /api/invoices?page=1&limit=10 - IP: ::1
2026-02-14 16:52:58 [INFO]: OPTIONS /api/customers?page=1&limit=10 - IP: ::1
2026-02-14 16:52:58 [INFO]: OPTIONS /api/reports/dashboard - IP: ::1
2026-02-14 16:52:58 [INFO]: OPTIONS /api/reports/sales - IP: ::1
2026-02-14 16:52:58 [INFO]: OPTIONS /api/reports/pnl - IP: ::1
2026-02-14 16:52:58 [INFO]: OPTIONS /api/reports/low-stock - IP: ::1
2026-02-14 16:52:58 [INFO]: OPTIONS /api/customers?page=1&limit=10 - IP: ::1
2026-02-14 16:52:58 [INFO]: OPTIONS /api/invoices?page=1&limit=10 - IP: ::1
2026-02-14 16:52:58 [INFO]: OPTIONS /api/reports/dashboard - IP: ::1
2026-02-14 16:52:58 [INFO]: OPTIONS /api/reports/sales - IP: ::1
2026-02-14 16:52:58 [INFO]: OPTIONS /api/reports/pnl - IP: ::1
2026-02-14 16:52:58 [INFO]: OPTIONS /api/reports/low-stock - IP: ::1
2026-02-14 16:52:58 [INFO]: GET /api/invoices?page=1&limit=10 - IP: ::1
2026-02-14 16:52:58 [INFO]: GET /api/reports/dashboard - IP: ::1
2026-02-14 16:52:58 [INFO]: GET /api/customers?page=1&limit=10 - IP: ::1
2026-02-14 16:52:58 [INFO]: GET /api/reports/sales - IP: ::1
2026-02-14 16:52:58 [INFO]: GET /api/reports/pnl - IP: ::1
2026-02-14 16:52:58 [INFO]: GET /api/reports/low-stock - IP: ::1
2026-02-14 16:52:59 [INFO]: GET /api/reports/sales - IP: ::1
2026-02-14 16:52:59 [INFO]: GET /api/reports/low-stock - IP: ::1
2026-02-14 16:52:59 [INFO]: GET /api/customers?page=1&limit=10 - IP: ::1
2026-02-14 16:52:59 [INFO]: GET /api/reports/pnl - IP: ::1
2026-02-14 16:52:59 [INFO]: GET /api/invoices?page=1&limit=10 - IP: ::1
2026-02-14 16:52:59 [INFO]: GET /api/reports/dashboard - IP: ::1
2026-02-14 16:53:01 [INFO]: GET /api/invoices?page=1&limit=10 - IP: ::1
2026-02-14 16:53:01 [INFO]: GET /api/customers?page=1&limit=10 - IP: ::1
2026-02-14 16:53:01 [INFO]: GET /api/reports/dashboard - IP: ::1
2026-02-14 16:53:01 [INFO]: GET /api/reports/sales - IP: ::1
2026-02-14 16:53:01 [INFO]: GET /api/reports/pnl - IP: ::1
2026-02-14 16:53:01 [INFO]: GET /api/reports/low-stock - IP: ::1
2026-02-14 16:53:01 [INFO]: GET /api/reports/low-stock - IP: ::1
2026-02-14 16:53:01 [INFO]: GET /api/reports/sales - IP: ::1
2026-02-14 16:53:01 [INFO]: GET /api/reports/pnl - IP: ::1
2026-02-14 16:53:01 [INFO]: GET /api/customers?page=1&limit=10 - IP: ::1
2026-02-14 16:53:01 [INFO]: GET /api/invoices?page=1&limit=10 - IP: ::1
2026-02-14 16:53:01 [INFO]: GET /api/reports/dashboard - IP: ::1
2026-02-14 16:53:27 [INFO]: OPTIONS /api/invoices?page=1&limit=10 - IP: ::1
2026-02-14 16:53:27 [INFO]: OPTIONS /api/customers?page=1&limit=10 - IP: ::1
2026-02-14 16:53:27 [INFO]: OPTIONS /api/reports/dashboard - IP: ::1
2026-02-14 16:53:27 [INFO]: OPTIONS /api/reports/sales - IP: ::1
2026-02-14 16:53:27 [INFO]: OPTIONS /api/reports/pnl - IP: ::1
2026-02-14 16:53:27 [INFO]: OPTIONS /api/reports/low-stock - IP: ::1
2026-02-14 16:53:27 [INFO]: OPTIONS /api/invoices?page=1&limit=10 - IP: ::1
2026-02-14 16:53:27 [INFO]: OPTIONS /api/customers?page=1&limit=10 - IP: ::1
2026-02-14 16:53:27 [INFO]: OPTIONS /api/reports/dashboard - IP: ::1
2026-02-14 16:53:27 [INFO]: OPTIONS /api/reports/sales - IP: ::1
2026-02-14 16:53:27 [INFO]: OPTIONS /api/reports/pnl - IP: ::1
2026-02-14 16:53:27 [INFO]: GET /api/customers?page=1&limit=10 - IP: ::1
2026-02-14 16:53:27 [INFO]: GET /api/reports/sales - IP: ::1
2026-02-14 16:53:27 [INFO]: OPTIONS /api/reports/low-stock - IP: ::1
2026-02-14 16:53:27 [INFO]: GET /api/invoices?page=1&limit=10 - IP: ::1
2026-02-14 16:53:27 [INFO]: GET /api/reports/dashboard - IP: ::1
2026-02-14 16:57:25 [INFO]: OPTIONS /api/invoices?page=1&limit=10 - IP: ::1
2026-02-14 16:57:25 [INFO]: OPTIONS /api/customers?page=1&limit=10 - IP: ::1
2026-02-14 16:57:25 [INFO]: OPTIONS /api/invoices?page=1&limit=10 - IP: ::1
2026-02-14 16:57:25 [INFO]: OPTIONS /api/reports/dashboard - IP: ::1
2026-02-14 16:57:25 [INFO]: OPTIONS /api/reports/dashboard - IP: ::1
2026-02-14 16:57:25 [INFO]: OPTIONS /api/customers?page=1&limit=10 - IP: ::1
2026-02-14 16:57:25 [INFO]: OPTIONS /api/reports/sales - IP: ::1
2026-02-14 16:57:25 [INFO]: OPTIONS /api/reports/pnl - IP: ::1
2026-02-14 16:57:25 [INFO]: OPTIONS /api/reports/sales - IP: ::1
2026-02-14 16:57:25 [INFO]: OPTIONS /api/reports/pnl - IP: ::1
2026-02-14 16:57:25 [INFO]: OPTIONS /api/reports/low-stock - IP: ::1
2026-02-14 16:57:25 [INFO]: GET /api/invoices?page=1&limit=10 - IP: ::1
2026-02-14 16:57:25 [INFO]: OPTIONS /api/reports/low-stock - IP: ::1
2026-02-14 16:57:25 [INFO]: GET /api/reports/pnl - IP: ::1
2026-02-14 16:57:25 [INFO]: GET /api/customers?page=1&limit=10 - IP: ::1
2026-02-14 16:57:25 [INFO]: GET /api/reports/dashboard - IP: ::1
2026-02-14 16:57:25 [INFO]: GET /api/reports/sales - IP: ::1
2026-02-14 16:57:25 [INFO]: GET /api/reports/low-stock - IP: ::1
2026-02-14 16:57:26 [INFO]: GET /api/reports/sales - IP: ::1
2026-02-14 16:57:26 [INFO]: GET /api/customers?page=1&limit=10 - IP: ::1
2026-02-14 16:57:26 [INFO]: GET /api/reports/pnl - IP: ::1
2026-02-14 16:57:26 [INFO]: GET /api/reports/dashboard - IP: ::1
2026-02-14 16:57:26 [INFO]: GET /api/invoices?page=1&limit=10 - IP: ::1
2026-02-14 16:57:27 [INFO]: GET /api/reports/low-stock - IP: ::1
2026-02-14 16:57:33 [INFO]: OPTIONS /api/invoices?page=1&limit=10 - IP: ::1
2026-02-14 16:57:33 [INFO]: OPTIONS /api/invoices?page=1&limit=10 - IP: ::1
2026-02-14 16:57:33 [INFO]: GET /api/invoices?page=1&limit=10 - IP: ::1
2026-02-14 16:57:33 [INFO]: GET /api/invoices?page=1&limit=10 - IP: ::1
2026-02-14 16:57:34 [INFO]: OPTIONS /api/products?page=1&limit=10 - IP: ::1
2026-02-14 16:57:34 [INFO]: OPTIONS /api/customers?page=1&limit=10 - IP: ::1
2026-02-14 16:57:34 [INFO]: GET /api/products?page=1&limit=10 - IP: ::1
2026-02-14 16:57:34 [INFO]: OPTIONS /api/products?page=1&limit=10 - IP: ::1
2026-02-14 16:57:34 [INFO]: GET /api/customers?page=1&limit=10 - IP: ::1
2026-02-14 16:57:34 [INFO]: OPTIONS /api/customers?page=1&limit=10 - IP: ::1
2026-02-14 16:57:34 [INFO]: GET /api/customers?page=1&limit=10 - IP: ::1
2026-02-14 16:57:34 [INFO]: GET /api/products?page=1&limit=10 - IP: ::1
2026-02-14 16:57:35 [INFO]: GET /api/products?page=1&limit=10 - IP: ::1
2026-02-14 16:57:35 [INFO]: GET /api/products?page=1&limit=10 - IP: ::1
2026-02-14 16:57:36 [INFO]: GET /api/customers?page=1&limit=10 - IP: ::1
2026-02-14 16:57:36 [INFO]: GET /api/customers?page=1&limit=10 - IP: ::1
2026-02-14 16:57:37 [INFO]: OPTIONS /api/quotations - IP: ::1
2026-02-14 16:57:37 [INFO]: OPTIONS /api/quotations - IP: ::1
2026-02-14 16:57:37 [INFO]: GET /api/quotations - IP: ::1
2026-02-14 16:57:38 [INFO]: GET /api/quotations - IP: ::1
2026-02-14 16:57:38 [INFO]: OPTIONS /api/purchases - IP: ::1
2026-02-14 16:57:38 [INFO]: OPTIONS /api/purchases - IP: ::1
2026-02-14 16:57:38 [INFO]: GET /api/purchases - IP: ::1
2026-02-14 16:57:39 [INFO]: GET /api/purchases - IP: ::1
2026-02-14 16:57:39 [INFO]: OPTIONS /api/vendors?page=1&limit=10 - IP: ::1
2026-02-14 16:57:39 [INFO]: OPTIONS /api/vendors?page=1&limit=10 - IP: ::1
2026-02-14 16:57:39 [INFO]: GET /api/vendors?page=1&limit=10 - IP: ::1
2026-02-14 16:57:39 [INFO]: GET /api/vendors?page=1&limit=10 - IP: ::1
2026-02-14 16:57:40 [INFO]: OPTIONS /api/payments - IP: ::1
2026-02-14 16:57:40 [INFO]: OPTIONS /api/payments - IP: ::1
2026-02-14 16:57:40 [INFO]: GET /api/payments - IP: ::1
2026-02-14 16:57:40 [INFO]: GET /api/payments - IP: ::1
2026-02-14 16:57:41 [INFO]: OPTIONS /api/expenses - IP: ::1
2026-02-14 16:57:41 [INFO]: OPTIONS /api/expenses - IP: ::1
2026-02-14 16:57:41 [INFO]: GET /api/expenses - IP: ::1
2026-02-14 16:57:41 [INFO]: GET /api/expenses - IP: ::1
2026-02-14 16:57:42 [INFO]: OPTIONS /api/reports/dashboard - IP: ::1
2026-02-14 16:57:42 [INFO]: OPTIONS /api/reports/sales - IP: ::1
2026-02-14 16:57:42 [INFO]: OPTIONS /api/reports/pnl - IP: ::1
2026-02-14 16:57:42 [INFO]: OPTIONS /api/reports/dashboard - IP: ::1
2026-02-14 16:57:42 [INFO]: OPTIONS /api/reports/sales - IP: ::1
2026-02-14 16:57:42 [INFO]: OPTIONS /api/reports/pnl - IP: ::1
2026-02-14 16:57:42 [INFO]: GET /api/reports/dashboard - IP: ::1
2026-02-14 16:57:42 [INFO]: GET /api/reports/sales - IP: ::1
2026-02-14 16:57:42 [INFO]: GET /api/reports/pnl - IP: ::1
2026-02-14 16:57:42 [INFO]: GET /api/reports/sales - IP: ::1
2026-02-14 16:57:42 [INFO]: GET /api/reports/pnl - IP: ::1
2026-02-14 16:57:43 [INFO]: GET /api/reports/dashboard - IP: ::1
2026-02-14 16:57:43 [INFO]: OPTIONS /api/reports/customer-outstanding - IP: ::1
2026-02-14 16:57:43 [INFO]: OPTIONS /api/reports/customer-outstanding - IP: ::1
2026-02-14 16:57:43 [INFO]: GET /api/reports/customer-outstanding - IP: ::1
2026-02-14 16:57:44 [INFO]: GET /api/reports/customer-outstanding - IP: ::1
2026-02-14 16:57:44 [INFO]: OPTIONS /api/purchases - IP: ::1
2026-02-14 16:57:44 [INFO]: OPTIONS /api/purchases - IP: ::1
2026-02-14 16:57:44 [INFO]: GET /api/purchases - IP: ::1
2026-02-14 16:57:45 [INFO]: GET /api/purchases - IP: ::1
2026-02-14 16:57:46 [INFO]: OPTIONS /api/vendors?page=1&limit=10 - IP: ::1
2026-02-14 16:57:46 [INFO]: OPTIONS /api/products?page=1&limit=10 - IP: ::1
2026-02-14 16:57:46 [INFO]: OPTIONS /api/vendors?page=1&limit=10 - IP: ::1
2026-02-14 16:57:46 [INFO]: OPTIONS /api/products?page=1&limit=10 - IP: ::1
2026-02-14 16:57:46 [INFO]: GET /api/vendors?page=1&limit=10 - IP: ::1
2026-02-14 16:57:46 [INFO]: GET /api/products?page=1&limit=10 - IP: ::1
2026-02-14 16:57:46 [INFO]: GET /api/products?page=1&limit=10 - IP: ::1
2026-02-14 16:57:46 [INFO]: GET /api/vendors?page=1&limit=10 - IP: ::1
2026-02-14 16:57:50 [INFO]: OPTIONS /api/ocr/scan - IP: ::1
2026-02-14 16:57:50 [INFO]: POST /api/ocr/scan - IP: ::1
2026-02-14 16:57:56 [INFO]: OPTIONS /api/purchases - IP: ::1
2026-02-14 16:57:56 [INFO]: POST /api/purchases - IP: ::1
2026-02-14 16:57:57 [INFO]: POST /api/purchases - IP: ::1
2026-02-14 16:57:57 [INFO]: GET /api/purchases - IP: ::1
2026-02-14 16:57:58 [INFO]: GET /api/purchases - IP: ::1
2026-02-14 16:58:04 [INFO]: OPTIONS /api/invoices?page=1&limit=10 - IP: ::1
2026-02-14 16:58:04 [INFO]: OPTIONS /api/customers?page=1&limit=10 - IP: ::1
2026-02-14 16:58:04 [INFO]: OPTIONS /api/reports/dashboard - IP: ::1
2026-02-14 16:58:04 [INFO]: OPTIONS /api/reports/sales - IP: ::1
2026-02-14 16:58:04 [INFO]: OPTIONS /api/reports/pnl - IP: ::1
